Temp/gradleOut/launcher/build/intermediates/manifest_merge_blame_file/release/manifest-merger-blame-release-report.txt
1<?xml version="1.0" encoding="utf-8"?>
2<!-- GENERATED BY UNITY. REMOVE THIS COMMENT TO PREVENT OVERWRITING WHEN EXPORTING AGAIN -->
3<manifest xmlns:android="http://schemas.android.com/apk/res/android"
4    package="com.VPBOX.game"
5    android:installLocation="preferExternal"
6    android:versionCode="1"
7    android:versionName="1.0.0" >
8
9    <uses-sdk
10        android:minSdkVersion="22"
10-->src\main\AndroidManifest.xml
11        android:targetSdkVersion="30" />
11-->src\main\AndroidManifest.xml
12
13    <supports-screens
13-->src\main\AndroidManifest.xml:4:3-163
14        android:anyDensity="true"
14-->src\main\AndroidManifest.xml:4:135-160
15        android:largeScreens="true"
15-->src\main\AndroidManifest.xml:4:78-105
16        android:normalScreens="true"
16-->src\main\AndroidManifest.xml:4:49-77
17        android:smallScreens="true"
17-->src\main\AndroidManifest.xml:4:21-48
18        android:xlargeScreens="true" />
18-->src\main\AndroidManifest.xml:4:106-134
19
20    <uses-feature android:glEsVersion="0x00020000" />
20-->[:unityLibrary] AndroidManifest.xml:13:5-54
20-->[:unityLibrary] AndroidManifest.xml:13:19-51
21    <uses-feature
21-->[:unityLibrary] AndroidManifest.xml:14:5-16:36
22        android:name="android.hardware.touchscreen"
22-->[:unityLibrary] AndroidManifest.xml:15:9-52
23        android:required="false" />
23-->[:unityLibrary] AndroidManifest.xml:16:9-33
24    <uses-feature
24-->[:unityLibrary] AndroidManifest.xml:17:5-19:36
25        android:name="android.hardware.touchscreen.multitouch"
25-->[:unityLibrary] AndroidManifest.xml:18:9-63
26        android:required="false" />
26-->[:unityLibrary] AndroidManifest.xml:19:9-33
27    <uses-feature
27-->[:unityLibrary] AndroidManifest.xml:20:5-22:36
28        android:name="android.hardware.touchscreen.multitouch.distinct"
28-->[:unityLibrary] AndroidManifest.xml:21:9-72
29        android:required="false" />
29-->[:unityLibrary] AndroidManifest.xml:22:9-33
30
31    <application
31-->src\main\AndroidManifest.xml:5:3-116
32        android:extractNativeLibs="true"
32-->src\main\AndroidManifest.xml:5:16-48
33        android:icon="@mipmap/app_icon"
33-->src\main\AndroidManifest.xml:5:82-113
34        android:label="@string/app_name" >
34-->src\main\AndroidManifest.xml:5:49-81
35        <activity
35-->[:unityLibrary] AndroidManifest.xml:25:9-45:20
36            android:name="com.unity3d.player.UnityPlayerActivity"
36-->[:unityLibrary] AndroidManifest.xml:26:13-66
37            android:configChanges="mcc|mnc|locale|touchscreen|keyboard|keyboardHidden|navigation|orientation|screenLayout|uiMode|screenSize|smallestScreenSize|fontScale|layoutDirection|density"
37-->[:unityLibrary] AndroidManifest.xml:27:13-194
38            android:hardwareAccelerated="false"
38-->[:unityLibrary] AndroidManifest.xml:28:13-48
39            android:launchMode="singleTask"
39-->[:unityLibrary] AndroidManifest.xml:29:13-44
40            android:resizeableActivity="false"
40-->[:unityLibrary] AndroidManifest.xml:30:13-47
41            android:screenOrientation="fullSensor"
41-->[:unityLibrary] AndroidManifest.xml:31:13-51
42            android:theme="@style/UnityThemeSelector" >
42-->[:unityLibrary] AndroidManifest.xml:32:13-54
43            <intent-filter>
43-->[:unityLibrary] AndroidManifest.xml:33:13-37:29
44                <action android:name="android.intent.action.MAIN" />
44-->[:unityLibrary] AndroidManifest.xml:34:17-69
44-->[:unityLibrary] AndroidManifest.xml:34:25-66
45
46                <category android:name="android.intent.category.LAUNCHER" />
46-->[:unityLibrary] AndroidManifest.xml:36:17-77
46-->[:unityLibrary] AndroidManifest.xml:36:27-74
47            </intent-filter>
48
49            <meta-data
49-->[:unityLibrary] AndroidManifest.xml:39:13-41:40
50                android:name="unityplayer.UnityActivity"
50-->[:unityLibrary] AndroidManifest.xml:40:17-57
51                android:value="true" />
51-->[:unityLibrary] AndroidManifest.xml:41:17-37
52            <meta-data
52-->[:unityLibrary] AndroidManifest.xml:42:13-44:40
53                android:name="android.notch_support"
53-->[:unityLibrary] AndroidManifest.xml:43:17-53
54                android:value="true" />
54-->[:unityLibrary] AndroidManifest.xml:44:17-37
55        </activity>
56
57        <meta-data
57-->[:unityLibrary] AndroidManifest.xml:47:9-49:33
58            android:name="unity.splash-mode"
58-->[:unityLibrary] AndroidManifest.xml:48:13-45
59            android:value="0" />
59-->[:unityLibrary] AndroidManifest.xml:49:13-30
60        <meta-data
60-->[:unityLibrary] AndroidManifest.xml:50:9-52:36
61            android:name="unity.splash-enable"
61-->[:unityLibrary] AndroidManifest.xml:51:13-47
62            android:value="True" />
62-->[:unityLibrary] AndroidManifest.xml:52:13-33
63        <meta-data
63-->[:unityLibrary] AndroidManifest.xml:53:9-55:37
64            android:name="unity.allow-resizable-window"
64-->[:unityLibrary] AndroidManifest.xml:54:13-56
65            android:value="False" />
65-->[:unityLibrary] AndroidManifest.xml:55:13-34
66        <meta-data
66-->[:unityLibrary] AndroidManifest.xml:56:9-58:50
67            android:name="notch.config"
67-->[:unityLibrary] AndroidManifest.xml:57:13-40
68            android:value="portrait|landscape" />
68-->[:unityLibrary] AndroidManifest.xml:58:13-47
69        <meta-data
69-->[:unityLibrary] AndroidManifest.xml:59:9-61:68
70            android:name="unity.build-id"
70-->[:unityLibrary] AndroidManifest.xml:60:13-42
71            android:value="6ecf0342-3f54-41ed-a79f-92fe9b8b2a3b" />
71-->[:unityLibrary] AndroidManifest.xml:61:13-65
72    </application>
73
74</manifest>